# JRE version: OpenJDK Runtime Environment (7.0_65-b32) (build 1.7.0_65-b32)
# Java VM: OpenJDK 64-Bit Server VM (24.65-b04 mixed mode linux-amd64 compressed oops)
Heap
 PSYoungGen      total 66048K, used 66016K [0x00000000eb700000, 0x00000000f4300000, 0x0000000100000000)
  eden space 63488K, 100% used [0x00000000eb700000,0x00000000ef500000,0x00000000ef500000)
  from space 2560K, 98% used [0x00000000ef500000,0x00000000ef778020,0x00000000ef780000)
  to   space 8192K, 99% used [0x00000000f3b00000,0x00000000f42fd6e8,0x00000000f4300000)
 ParOldGen       total 41984K, used 14906K [0x00000000c2600000, 0x00000000c4f00000, 0x00000000eb700000)
  object space 41984K, 35% used [0x00000000c2600000,0x00000000c348ea98,0x00000000c4f00000)
 PSPermGen       total 21504K, used 18921K [0x00000000b8000000, 0x00000000b9500000, 0x00000000c2600000)
  object space 21504K, 87% used [0x00000000b8000000,0x00000000b927a630,0x00000000b9500000)
GC Heap History (10 events):
Event: 0,532 GC heap after
Heap after GC invocations=1 (full 0):
 PSYoungGen      total 18432K, used 2546K [0x00000000eb700000, 0x00000000edb00000, 0x0000000100000000)
  eden space 15872K, 0% used [0x00000000eb700000,0x00000000eb700000,0x00000000ec680000)
  from space 2560K, 99% used [0x00000000ec680000,0x00000000ec8fc898,0x00000000ec900000)
  to   space 2560K, 0% used [0x00000000ed880000,0x00000000ed880000,0x00000000edb00000)
 ParOldGen       total 41984K, used 478K [0x00000000c2600000, 0x00000000c4f00000, 0x00000000eb700000)
  object space 41984K, 1% used [0x00000000c2600000,0x00000000c2677a18,0x00000000c4f00000)
 PSPermGen       total 21504K, used 7012K [0x00000000b8000000, 0x00000000b9500000, 0x00000000c2600000)
  object space 21504K, 32% used [0x00000000b8000000,0x00000000b86d9270,0x00000000b9500000)
}
Event: 0,772 GC heap before
{Heap before GC invocations=2 (full 0):
 PSYoungGen      total 18432K, used 18418K [0x00000000eb700000, 0x00000000edb00000, 0x0000000100000000)
  eden space 15872K, 100% used [0x00000000eb700000,0x00000000ec680000,0x00000000ec680000)
  from space 2560K, 99% used [0x00000000ec680000,0x00000000ec8fc898,0x00000000ec900000)
  to   space 2560K, 0% used [0x00000000ed880000,0x00000000ed880000,0x00000000edb00000)
 ParOldGen       total 41984K, used 478K [0x00000000c2600000, 0x00000000c4f00000, 0x00000000eb700000)
  object space 41984K, 1% used [0x00000000c2600000,0x00000000c2677a18,0x00000000c4f00000)
 PSPermGen       total 21504K, used 7898K [0x00000000b8000000, 0x00000000b9500000, 0x00000000c2600000)
  object space 21504K, 36% used [0x00000000b8000000,0x00000000b87b69a0,0x00000000b9500000)
Event: 0,777 GC heap after
Heap after GC invocations=2 (full 0):
 PSYoungGen      total 34304K, used 2313K [0x00000000eb700000, 0x00000000edb00000, 0x0000000100000000)
  eden space 31744K, 0% used [0x00000000eb700000,0x00000000eb700000,0x00000000ed600000)
  from space 2560K, 90% used [0x00000000ed880000,0x00000000edac2558,0x00000000edb00000)
  to   space 2560K, 0% used [0x00000000ed600000,0x00000000ed600000,0x00000000ed880000)
 ParOldGen       total 41984K, used 486K [0x00000000c2600000, 0x00000000c4f00000, 0x00000000eb700000)
  object space 41984K, 1% used [0x00000000c2600000,0x00000000c2679a18,0x00000000c4f00000)
 PSPermGen       total 21504K, used 7898K [0x00000000b8000000, 0x00000000b9500000, 0x00000000c2600000)
  object space 21504K, 36% used [0x00000000b8000000,0x00000000b87b69a0,0x00000000b9500000)
}
Event: 1,532 GC heap before
{Heap before GC invocations=3 (full 0):
 PSYoungGen      total 34304K, used 34057K [0x00000000eb700000, 0x00000000edb00000, 0x0000000100000000)
  eden space 31744K, 100% used [0x00000000eb700000,0x00000000ed600000,0x00000000ed600000)
  from space 2560K, 90% used [0x00000000ed880000,0x00000000edac2558,0x00000000edb00000)
  to   space 2560K, 0% used [0x00000000ed600000,0x00000000ed600000,0x00000000ed880000)
 ParOldGen       total 41984K, used 486K [0x00000000c2600000, 0x00000000c4f00000, 0x00000000eb700000)
  object space 41984K, 1% used [0x00000000c2600000,0x00000000c2679a18,0x00000000c4f00000)
 PSPermGen       total 21504K, used 11148K [0x00000000b8000000, 0x00000000b9500000, 0x00000000c2600000)
  object space 21504K, 51% used [0x00000000b8000000,0x00000000b8ae3018,0x00000000b9500000)
Event: 1,544 GC heap after
Heap after GC invocations=3 (full 0):
 PSYoungGen      total 34304K, used 2560K [0x00000000eb700000, 0x00000000efa00000, 0x0000000100000000)
  eden space 31744K, 0% used [0x00000000eb700000,0x00000000eb700000,0x00000000ed600000)
  from space 2560K, 100% used [0x00000000ed600000,0x00000000ed880000,0x00000000ed880000)
  to   space 2560K, 0% used [0x00000000ef780000,0x00000000ef780000,0x00000000efa00000)
 ParOldGen       total 41984K, used 2693K [0x00000000c2600000, 0x00000000c4f00000, 0x00000000eb700000)
  object space 41984K, 6% used [0x00000000c2600000,0x00000000c28a1618,0x00000000c4f00000)
 PSPermGen       total 21504K, used 11148K [0x00000000b8000000, 0x00000000b9500000, 0x00000000c2600000)
  object space 21504K, 51% used [0x00000000b8000000,0x00000000b8ae3018,0x00000000b9500000)
}
Event: 2,497 GC heap before
{Heap before GC invocations=4 (full 0):
 PSYoungGen      total 34304K, used 34304K [0x00000000eb700000, 0x00000000efa00000, 0x0000000100000000)
  eden space 31744K, 100% used [0x00000000eb700000,0x00000000ed600000,0x00000000ed600000)
  from space 2560K, 100% used [0x00000000ed600000,0x00000000ed880000,0x00000000ed880000)
  to   space 2560K, 0% used [0x00000000ef780000,0x00000000ef780000,0x00000000efa00000)
 ParOldGen       total 41984K, used 2693K [0x00000000c2600000, 0x00000000c4f00000, 0x00000000eb700000)
  object space 41984K, 6% used [0x00000000c2600000,0x00000000c28a1618,0x00000000c4f00000)
 PSPermGen       total 21504K, used 14121K [0x00000000b8000000, 0x00000000b9500000, 0x00000000c2600000)
  object space 21504K, 65% used [0x00000000b8000000,0x00000000b8dca528,0x00000000b9500000)
Event: 2,511 GC heap after
Heap after GC invocations=4 (full 0):
 PSYoungGen      total 66048K, used 2544K [0x00000000eb700000, 0x00000000efa00000, 0x0000000100000000)
  eden space 63488K, 0% used [0x00000000eb700000,0x00000000eb700000,0x00000000ef500000)
  from space 2560K, 99% used [0x00000000ef780000,0x00000000ef9fc010,0x00000000efa00000)
  to   space 2560K, 0% used [0x00000000ef500000,0x00000000ef500000,0x00000000ef780000)
 ParOldGen       total 41984K, used 5984K [0x00000000c2600000, 0x00000000c4f00000, 0x00000000eb700000)
  object space 41984K, 14% used [0x00000000c2600000,0x00000000c2bd8218,0x00000000c4f00000)
 PSPermGen       total 21504K, used 14121K [0x00000000b8000000, 0x00000000b9500000, 0x00000000c2600000)
  object space 21504K, 65% used [0x00000000b8000000,0x00000000b8dca528,0x00000000b9500000)
}
Event: 3,428 GC heap before
{Heap before GC invocations=5 (full 0):
 PSYoungGen      total 66048K, used 66032K [0x00000000eb700000, 0x00000000efa00000, 0x0000000100000000)
  eden space 63488K, 100% used [0x00000000eb700000,0x00000000ef500000,0x00000000ef500000)
  from space 2560K, 99% used [0x00000000ef780000,0x00000000ef9fc010,0x00000000efa00000)
  to   space 2560K, 0% used [0x00000000ef500000,0x00000000ef500000,0x00000000ef780000)
 ParOldGen       total 41984K, used 5984K [0x00000000c2600000, 0x00000000c4f00000, 0x00000000eb700000)
  object space 41984K, 14% used [0x00000000c2600000,0x00000000c2bd8218,0x00000000c4f00000)
 PSPermGen       total 21504K, used 14814K [0x00000000b8000000, 0x00000000b9500000, 0x00000000c2600000)
  object space 21504K, 68% used [0x00000000b8000000,0x00000000b8e779b0,0x00000000b9500000)
Event: 3,443 GC heap after
Heap after GC invocations=5 (full 0):
 PSYoungGen      total 66048K, used 2528K [0x00000000eb700000, 0x00000000f4300000, 0x0000000100000000)
  eden space 63488K, 0% used [0x00000000eb700000,0x00000000eb700000,0x00000000ef500000)
  from space 2560K, 98% used [0x00000000ef500000,0x00000000ef778020,0x00000000ef780000)
  to   space 8192K, 0% used [0x00000000f3b00000,0x00000000f3b00000,0x00000000f4300000)
 ParOldGen       total 41984K, used 9926K [0x00000000c2600000, 0x00000000c4f00000, 0x00000000eb700000)
  object space 41984K, 23% used [0x00000000c2600000,0x00000000c2fb1be8,0x00000000c4f00000)
 PSPermGen       total 21504K, used 14814K [0x00000000b8000000, 0x00000000b9500000, 0x00000000c2600000)
  object space 21504K, 68% used [0x00000000b8000000,0x00000000b8e779b0,0x00000000b9500000)
}
Event: 4,628 GC heap before
{Heap before GC invocations=6 (full 0):
 PSYoungGen      total 66048K, used 66016K [0x00000000eb700000, 0x00000000f4300000, 0x0000000100000000)
  eden space 63488K, 100% used [0x00000000eb700000,0x00000000ef500000,0x00000000ef500000)
  from space 2560K, 98% used [0x00000000ef500000,0x00000000ef778020,0x00000000ef780000)
  to   space 8192K, 0% used [0x00000000f3b00000,0x00000000f3b00000,0x00000000f4300000)
 ParOldGen       total 41984K, used 9926K [0x00000000c2600000, 0x00000000c4f00000, 0x00000000eb700000)
  object space 41984K, 23% used [0x00000000c2600000,0x00000000c2fb1be8,0x00000000c4f00000)
 PSPermGen       total 21504K, used 18921K [0x00000000b8000000, 0x00000000b9500000, 0x00000000c2600000)
  object space 21504K, 87% used [0x00000000b8000000,0x00000000b927a630,0x00000000b9500000)

